<?xml version="1.0" encoding="UTF-8"?>
<coverage generated="1759677906344" clover="3.2.0">
  <project timestamp="1759677906344" name="All files">
    <metrics statements="39" coveredstatements="38" conditionals="48" coveredconditionals="44" methods="9" coveredmethods="9" elements="96" coveredelements="91" complexity="0" loc="39" ncloc="39" packages="1" files="1" classes="1"/>
    <file name="utils.ts" path="/home/yiannis/crypto-5/lib/utils.ts">
      <metrics statements="39" coveredstatements="38" conditionals="48" coveredconditionals="44" methods="9" coveredmethods="9"/>
      <line num="5" count="3" type="stmt"/>
      <line num="9" count="1" type="stmt"/>
      <line num="10" count="8" type="cond" truecount="2" falsecount="0"/>
      <line num="11" count="6" type="stmt"/>
      <line num="19" count="1" type="stmt"/>
      <line num="20" count="6" type="cond" truecount="2" falsecount="0"/>
      <line num="21" count="5" type="cond" truecount="2" falsecount="0"/>
      <line num="22" count="3" type="cond" truecount="2" falsecount="0"/>
      <line num="23" count="2" type="stmt"/>
      <line num="27" count="7" type="cond" truecount="4" falsecount="0"/>
      <line num="29" count="5" type="stmt"/>
      <line num="36" count="12" type="stmt"/>
      <line num="38" count="5" type="cond" truecount="1" falsecount="1"/>
      <line num="39" count="5" type="stmt"/>
      <line num="40" count="5" type="cond" truecount="4" falsecount="0"/>
      <line num="41" count="5" type="stmt"/>
      <line num="44" count="0" type="stmt"/>
      <line num="48" count="7" type="cond" truecount="3" falsecount="1"/>
      <line num="50" count="7" type="cond" truecount="2" falsecount="0"/>
      <line num="51" count="1" type="stmt"/>
      <line num="53" count="6" type="cond" truecount="2" falsecount="0"/>
      <line num="54" count="2" type="stmt"/>
      <line num="56" count="4" type="cond" truecount="2" falsecount="0"/>
      <line num="57" count="1" type="stmt"/>
      <line num="59" count="3" type="cond" truecount="2" falsecount="0"/>
      <line num="60" count="2" type="stmt"/>
      <line num="63" count="1" type="stmt"/>
      <line num="66" count="1" type="stmt"/>
      <line num="67" count="4" type="stmt"/>
      <line num="70" count="4" type="cond" truecount="2" falsecount="0"/>
      <line num="73" count="4" type="cond" truecount="2" falsecount="0"/>
      <line num="74" count="2" type="cond" truecount="2" falsecount="0"/>
      <line num="83" count="4" type="stmt"/>
      <line num="90" count="1" type="stmt"/>
      <line num="91" count="3" type="stmt"/>
      <line num="98" count="1" type="stmt"/>
      <line num="99" count="6" type="cond" truecount="2" falsecount="0"/>
      <line num="100" count="4" type="cond" truecount="2" falsecount="0"/>
      <line num="101" count="3" type="stmt"/>
    </file>
  </project>
</coverage>
