{"/home/yiannis/crypto-5/lib/utils.ts": {"path":"/home/yiannis/crypto-5/lib/utils.ts","statementMap":{"0":{"start":{"line":5,"column":2},"end":{"line":5,"column":31}},"1":{"start":{"line":9,"column":30},"end":{"line":17,"column":1}},"2":{"start":{"line":10,"column":2},"end":{"line":10,"column":29}},"3":{"start":{"line":10,"column":14},"end":{"line":10,"column":29}},"4":{"start":{"line":11,"column":2},"end":{"line":16,"column":19}},"5":{"start":{"line":19,"column":33},"end":{"line":24,"column":1}},"6":{"start":{"line":20,"column":2},"end":{"line":20,"column":61}},"7":{"start":{"line":20,"column":21},"end":{"line":20,"column":61}},"8":{"start":{"line":21,"column":2},"end":{"line":21,"column":59}},"9":{"start":{"line":21,"column":20},"end":{"line":21,"column":59}},"10":{"start":{"line":22,"column":2},"end":{"line":22,"column":59}},"11":{"start":{"line":22,"column":20},"end":{"line":22,"column":59}},"12":{"start":{"line":23,"column":2},"end":{"line":23,"column":31}},"13":{"start":{"line":27,"column":2},"end":{"line":27,"column":41}},"14":{"start":{"line":27,"column":29},"end":{"line":27,"column":41}},"15":{"start":{"line":29,"column":18},"end":{"line":34,"column":3}},"16":{"start":{"line":36,"column":17},"end":{"line":36,"column":58}},"17":{"start":{"line":36,"column":37},"end":{"line":36,"column":57}},"18":{"start":{"line":38,"column":2},"end":{"line":42,"column":3}},"19":{"start":{"line":39,"column":20},"end":{"line":39,"column":42}},"20":{"start":{"line":40,"column":21},"end":{"line":40,"column":61}},"21":{"start":{"line":41,"column":4},"end":{"line":41,"column":59}},"22":{"start":{"line":44,"column":2},"end":{"line":44,"column":32}},"23":{"start":{"line":48,"column":2},"end":{"line":48,"column":40}},"24":{"start":{"line":48,"column":29},"end":{"line":48,"column":40}},"25":{"start":{"line":50,"column":2},"end":{"line":52,"column":3}},"26":{"start":{"line":51,"column":4},"end":{"line":51,"column":43}},"27":{"start":{"line":53,"column":2},"end":{"line":55,"column":3}},"28":{"start":{"line":54,"column":4},"end":{"line":54,"column":42}},"29":{"start":{"line":56,"column":2},"end":{"line":58,"column":3}},"30":{"start":{"line":57,"column":4},"end":{"line":57,"column":42}},"31":{"start":{"line":59,"column":2},"end":{"line":61,"column":3}},"32":{"start":{"line":60,"column":4},"end":{"line":60,"column":42}},"33":{"start":{"line":63,"column":2},"end":{"line":63,"column":39}},"34":{"start":{"line":66,"column":32},"end":{"line":88,"column":1}},"35":{"start":{"line":67,"column":21},"end":{"line":67,"column":30}},"36":{"start":{"line":70,"column":14},"end":{"line":70,"column":60}},"37":{"start":{"line":73,"column":2},"end":{"line":81,"column":3}},"38":{"start":{"line":74,"column":4},"end":{"line":80,"column":23}},"39":{"start":{"line":83,"column":2},"end":{"line":87,"column":4}},"40":{"start":{"line":90,"column":26},"end":{"line":96,"column":1}},"41":{"start":{"line":91,"column":2},"end":{"line":95,"column":5}},"42":{"start":{"line":98,"column":31},"end":{"line":102,"column":1}},"43":{"start":{"line":99,"column":2},"end":{"line":99,"column":41}},"44":{"start":{"line":99,"column":24},"end":{"line":99,"column":41}},"45":{"start":{"line":100,"column":2},"end":{"line":100,"column":41}},"46":{"start":{"line":100,"column":24},"end":{"line":100,"column":41}},"47":{"start":{"line":101,"column":2},"end":{"line":101,"column":21}}},"fnMap":{"0":{"name":"cn","decl":{"start":{"line":4,"column":16},"end":{"line":4,"column":18}},"loc":{"start":{"line":4,"column":44},"end":{"line":6,"column":1}},"line":4},"1":{"name":"(anonymous_1)","decl":{"start":{"line":9,"column":30},"end":{"line":9,"column":31}},"loc":{"start":{"line":9,"column":49},"end":{"line":17,"column":1}},"line":9},"2":{"name":"(anonymous_2)","decl":{"start":{"line":19,"column":33},"end":{"line":19,"column":34}},"loc":{"start":{"line":19,"column":52},"end":{"line":24,"column":1}},"line":19},"3":{"name":"formatMarketCapPrecise","decl":{"start":{"line":26,"column":16},"end":{"line":26,"column":38}},"loc":{"start":{"line":26,"column":62},"end":{"line":45,"column":1}},"line":26},"4":{"name":"(anonymous_4)","decl":{"start":{"line":36,"column":30},"end":{"line":36,"column":31}},"loc":{"start":{"line":36,"column":37},"end":{"line":36,"column":57}},"line":36},"5":{"name":"formatNumber","decl":{"start":{"line":47,"column":16},"end":{"line":47,"column":28}},"loc":{"start":{"line":47,"column":52},"end":{"line":64,"column":1}},"line":47},"6":{"name":"(anonymous_6)","decl":{"start":{"line":66,"column":32},"end":{"line":66,"column":33}},"loc":{"start":{"line":66,"column":69},"end":{"line":88,"column":1}},"line":66},"7":{"name":"(anonymous_7)","decl":{"start":{"line":90,"column":26},"end":{"line":90,"column":27}},"loc":{"start":{"line":90,"column":50},"end":{"line":96,"column":1}},"line":90},"8":{"name":"(anonymous_8)","decl":{"start":{"line":98,"column":31},"end":{"line":98,"column":32}},"loc":{"start":{"line":98,"column":49},"end":{"line":102,"column":1}},"line":98}},"branchMap":{"0":{"loc":{"start":{"line":10,"column":2},"end":{"line":10,"column":29}},"type":"if","locations":[{"start":{"line":10,"column":2},"end":{"line":10,"column":29}},{"start":{},"end":{}}],"line":10},"1":{"loc":{"start":{"line":15,"column":27},"end":{"line":15,"column":44}},"type":"cond-expr","locations":[{"start":{"line":15,"column":39},"end":{"line":15,"column":40}},{"start":{"line":15,"column":43},"end":{"line":15,"column":44}}],"line":15},"2":{"loc":{"start":{"line":20,"column":2},"end":{"line":20,"column":61}},"type":"if","locations":[{"start":{"line":20,"column":2},"end":{"line":20,"column":61}},{"start":{},"end":{}}],"line":20},"3":{"loc":{"start":{"line":21,"column":2},"end":{"line":21,"column":59}},"type":"if","locations":[{"start":{"line":21,"column":2},"end":{"line":21,"column":59}},{"start":{},"end":{}}],"line":21},"4":{"loc":{"start":{"line":22,"column":2},"end":{"line":22,"column":59}},"type":"if","locations":[{"start":{"line":22,"column":2},"end":{"line":22,"column":59}},{"start":{},"end":{}}],"line":22},"5":{"loc":{"start":{"line":27,"column":2},"end":{"line":27,"column":41}},"type":"if","locations":[{"start":{"line":27,"column":2},"end":{"line":27,"column":41}},{"start":{},"end":{}}],"line":27},"6":{"loc":{"start":{"line":27,"column":6},"end":{"line":27,"column":27}},"type":"binary-expr","locations":[{"start":{"line":27,"column":6},"end":{"line":27,"column":12}},{"start":{"line":27,"column":16},"end":{"line":27,"column":27}}],"line":27},"7":{"loc":{"start":{"line":38,"column":2},"end":{"line":42,"column":3}},"type":"if","locations":[{"start":{"line":38,"column":2},"end":{"line":42,"column":3}},{"start":{},"end":{}}],"line":38},"8":{"loc":{"start":{"line":40,"column":21},"end":{"line":40,"column":61}},"type":"cond-expr","locations":[{"start":{"line":40,"column":36},"end":{"line":40,"column":37}},{"start":{"line":40,"column":40},"end":{"line":40,"column":61}}],"line":40},"9":{"loc":{"start":{"line":40,"column":40},"end":{"line":40,"column":61}},"type":"cond-expr","locations":[{"start":{"line":40,"column":56},"end":{"line":40,"column":57}},{"start":{"line":40,"column":60},"end":{"line":40,"column":61}}],"line":40},"10":{"loc":{"start":{"line":48,"column":2},"end":{"line":48,"column":40}},"type":"if","locations":[{"start":{"line":48,"column":2},"end":{"line":48,"column":40}},{"start":{},"end":{}}],"line":48},"11":{"loc":{"start":{"line":48,"column":6},"end":{"line":48,"column":27}},"type":"binary-expr","locations":[{"start":{"line":48,"column":6},"end":{"line":48,"column":12}},{"start":{"line":48,"column":16},"end":{"line":48,"column":27}}],"line":48},"12":{"loc":{"start":{"line":50,"column":2},"end":{"line":52,"column":3}},"type":"if","locations":[{"start":{"line":50,"column":2},"end":{"line":52,"column":3}},{"start":{},"end":{}}],"line":50},"13":{"loc":{"start":{"line":53,"column":2},"end":{"line":55,"column":3}},"type":"if","locations":[{"start":{"line":53,"column":2},"end":{"line":55,"column":3}},{"start":{},"end":{}}],"line":53},"14":{"loc":{"start":{"line":56,"column":2},"end":{"line":58,"column":3}},"type":"if","locations":[{"start":{"line":56,"column":2},"end":{"line":58,"column":3}},{"start":{},"end":{}}],"line":56},"15":{"loc":{"start":{"line":59,"column":2},"end":{"line":61,"column":3}},"type":"if","locations":[{"start":{"line":59,"column":2},"end":{"line":61,"column":3}},{"start":{},"end":{}}],"line":59},"16":{"loc":{"start":{"line":70,"column":14},"end":{"line":70,"column":60}},"type":"cond-expr","locations":[{"start":{"line":70,"column":27},"end":{"line":70,"column":43}},{"start":{"line":70,"column":46},"end":{"line":70,"column":60}}],"line":70},"17":{"loc":{"start":{"line":73,"column":2},"end":{"line":81,"column":3}},"type":"if","locations":[{"start":{"line":73,"column":2},"end":{"line":81,"column":3}},{"start":{},"end":{}}],"line":73},"18":{"loc":{"start":{"line":74,"column":12},"end":{"line":80,"column":22}},"type":"cond-expr","locations":[{"start":{"line":75,"column":8},"end":{"line":77,"column":26}},{"start":{"line":78,"column":8},"end":{"line":80,"column":22}}],"line":74},"19":{"loc":{"start":{"line":75,"column":8},"end":{"line":77,"column":26}},"type":"cond-expr","locations":[{"start":{"line":76,"column":10},"end":{"line":76,"column":26}},{"start":{"line":77,"column":10},"end":{"line":77,"column":26}}],"line":75},"20":{"loc":{"start":{"line":78,"column":8},"end":{"line":80,"column":22}},"type":"cond-expr","locations":[{"start":{"line":79,"column":8},"end":{"line":79,"column":22}},{"start":{"line":80,"column":8},"end":{"line":80,"column":22}}],"line":78},"21":{"loc":{"start":{"line":84,"column":14},"end":{"line":84,"column":35}},"type":"cond-expr","locations":[{"start":{"line":84,"column":27},"end":{"line":84,"column":30}},{"start":{"line":84,"column":33},"end":{"line":84,"column":35}}],"line":84},"22":{"loc":{"start":{"line":99,"column":2},"end":{"line":99,"column":41}},"type":"if","locations":[{"start":{"line":99,"column":2},"end":{"line":99,"column":41}},{"start":{},"end":{}}],"line":99},"23":{"loc":{"start":{"line":100,"column":2},"end":{"line":100,"column":41}},"type":"if","locations":[{"start":{"line":100,"column":2},"end":{"line":100,"column":41}},{"start":{},"end":{}}],"line":100}},"s":{"0":3,"1":1,"2":8,"3":2,"4":6,"5":1,"6":6,"7":1,"8":5,"9":2,"10":3,"11":1,"12":2,"13":7,"14":2,"15":5,"16":5,"17":12,"18":5,"19":5,"20":5,"21":5,"22":0,"23":7,"24":0,"25":7,"26":1,"27":6,"28":2,"29":4,"30":1,"31":3,"32":2,"33":1,"34":1,"35":4,"36":4,"37":4,"38":2,"39":4,"40":1,"41":3,"42":1,"43":6,"44":2,"45":4,"46":1,"47":3},"f":{"0":3,"1":8,"2":6,"3":7,"4":12,"5":7,"6":4,"7":3,"8":6},"b":{"0":[2,6],"1":[2,4],"2":[1,5],"3":[2,3],"4":[1,2],"5":[2,5],"6":[7,5],"7":[5,0],"8":[3,2],"9":[1,1],"10":[0,7],"11":[7,7],"12":[1,6],"13":[2,4],"14":[1,3],"15":[2,1],"16":[2,2],"17":[2,2],"18":[1,1],"19":[1,0],"20":[0,1],"21":[2,2],"22":[2,4],"23":[1,3]},"_coverageSchema":"1a1c01bbd47fc00a2c39e90264f33305004495a9","hash":"07fa3420bf28d70fe2242fe2f7b82c2ca36ad76e"}
}
