TN:
SF:lib/utils.ts
FN:4,cn
FN:9,(anonymous_1)
FN:19,(anonymous_2)
FN:26,formatMarketCapPrecise
FN:36,(anonymous_4)
FN:47,formatNumber
FN:66,(anonymous_6)
FN:90,(anonymous_7)
FN:98,(anonymous_8)
FNF:9
FNH:9
FNDA:3,cn
FNDA:8,(anonymous_1)
FNDA:6,(anonymous_2)
FNDA:7,formatMarketCapPrecise
FNDA:12,(anonymous_4)
FNDA:7,formatNumber
FNDA:4,(anonymous_6)
FNDA:3,(anonymous_7)
FNDA:6,(anonymous_8)
DA:5,3
DA:9,1
DA:10,8
DA:11,6
DA:19,1
DA:20,6
DA:21,5
DA:22,3
DA:23,2
DA:27,7
DA:29,5
DA:36,12
DA:38,5
DA:39,5
DA:40,5
DA:41,5
DA:44,0
DA:48,7
DA:50,7
DA:51,1
DA:53,6
DA:54,2
DA:56,4
DA:57,1
DA:59,3
DA:60,2
DA:63,1
DA:66,1
DA:67,4
DA:70,4
DA:73,4
DA:74,2
DA:83,4
DA:90,1
DA:91,3
DA:98,1
DA:99,6
DA:100,4
DA:101,3
LF:39
LH:38
BRDA:10,0,0,2
BRDA:10,0,1,6
BRDA:15,1,0,2
BRDA:15,1,1,4
BRDA:20,2,0,1
BRDA:20,2,1,5
BRDA:21,3,0,2
BRDA:21,3,1,3
BRDA:22,4,0,1
BRDA:22,4,1,2
BRDA:27,5,0,2
BRDA:27,5,1,5
BRDA:27,6,0,7
BRDA:27,6,1,5
BRDA:38,7,0,5
BRDA:38,7,1,0
BRDA:40,8,0,3
BRDA:40,8,1,2
BRDA:40,9,0,1
BRDA:40,9,1,1
BRDA:48,10,0,0
BRDA:48,10,1,7
BRDA:48,11,0,7
BRDA:48,11,1,7
BRDA:50,12,0,1
BRDA:50,12,1,6
BRDA:53,13,0,2
BRDA:53,13,1,4
BRDA:56,14,0,1
BRDA:56,14,1,3
BRDA:59,15,0,2
BRDA:59,15,1,1
BRDA:70,16,0,2
BRDA:70,16,1,2
BRDA:73,17,0,2
BRDA:73,17,1,2
BRDA:74,18,0,1
BRDA:74,18,1,1
BRDA:75,19,0,1
BRDA:75,19,1,0
BRDA:78,20,0,0
BRDA:78,20,1,1
BRDA:84,21,0,2
BRDA:84,21,1,2
BRDA:99,22,0,2
BRDA:99,22,1,4
BRDA:100,23,0,1
BRDA:100,23,1,3
BRF:48
BRH:44
end_of_record
